<?xml version="1.0" encoding="UTF-8"?>
<!-- Generated by org.testng.reporters.JUnitReportReporter -->
<testsuite hostname="SSAISRINIVAS" failures="0" tests="4" name="com.sai.day1.HTTPRequests" time="4.348" errors="0" timestamp="2024-07-27T11:16:51 IST" skipped="0">
  <testcase classname="com.sai.day1.HTTPRequests" name="getUsers" time="2.521"/>
  <testcase classname="com.sai.day1.HTTPRequests" name="createUser" time="0.971"/>
  <testcase classname="com.sai.day1.HTTPRequests" name="updateUser" time="0.439"/>
  <testcase classname="com.sai.day1.HTTPRequests" name="deleteUser" time="0.417"/>
</testsuite> <!-- com.sai.day1.HTTPRequests -->
