<?xml version="1.0" encoding="UTF-8"?>
<!-- Generated by org.testng.reporters.JUnitReportReporter -->
<testsuite hostname="SSAISRINIVAS" failures="0" tests="1" name="com.sai.day2.WaysToCreatePostRequestBody" time="3.477" errors="0" timestamp="2024-07-28T10:50:44 IST" skipped="0">
  <testcase classname="com.sai.day2.WaysToCreatePostRequestBody" name="postRequestsUsingExternalJsonFile" time="3.477"/>
</testsuite> <!-- com.sai.day2.WaysToCreatePostRequestBody -->
