<?xml version="1.0" encoding="UTF-8"?>
<!-- Generated by org.testng.reporters.JUnitReportReporter -->
<testsuite hostname="SSAISRINIVAS" failures="0" tests="1" name="com.sai.day3.CookiesAndHeaders" time="3.475" errors="0" timestamp="2024-07-28T12:51:02 IST" skipped="0">
  <testcase classname="com.sai.day3.CookiesAndHeaders" name="getHeadersInfoTest" time="3.475"/>
</testsuite> <!-- com.sai.day3.CookiesAndHeaders -->
