<?xml version="1.0" encoding="UTF-8"?>
<!-- Generated by org.testng.reporters.JUnitReportReporter -->
<testsuite hostname="SSAISRINIVAS" failures="0" tests="1" name="com.sai.day6.SerializatonandDeserialization" time="0.252" errors="0" timestamp="2024-07-29T14:58:00 IST" skipped="0">
  <testcase classname="com.sai.day6.SerializatonandDeserialization" name="converJson2Pojo" time="0.252"/>
</testsuite> <!-- com.sai.day6.SerializatonandDeserialization -->
