<?xml version="1.0" encoding="UTF-8"?>
<!-- Generated by org.testng.reporters.JUnitReportReporter -->
<testsuite hostname="SSAISRINIVAS" failures="0" tests="1" name="com.sai.day3.PathAndQueryParameters" time="2.513" errors="0" timestamp="2024-07-28T11:23:03 IST" skipped="0">
  <testcase classname="com.sai.day3.PathAndQueryParameters" name="querryAndPathParameters" time="2.513"/>
</testsuite> <!-- com.sai.day3.PathAndQueryParameters -->
