<?xml version="1.0" encoding="UTF-8"?>
<!-- Generated by org.testng.reporters.JUnitReportReporter -->
<testsuite hostname="SSAISRINIVAS" failures="0" tests="1" name="com.sai.day7.FakerDataGenerator" time="0.284" errors="0" timestamp="2024-07-29T17:38:51 IST" skipped="0">
  <testcase classname="com.sai.day7.FakerDataGenerator" name="testGenerateDummyData" time="0.284"/>
</testsuite> <!-- com.sai.day7.FakerDataGenerator -->
