<?xml version="1.0" encoding="UTF-8"?>
<!-- Generated by org.testng.reporters.JUnitReportReporter -->
<testsuite hostname="SSAISRINIVAS" failures="0" tests="1" name="com.sai.day6.JSONSchemaValidation" time="2.525" errors="0" timestamp="2024-07-29T09:55:46 IST" skipped="0">
  <testcase classname="com.sai.day6.JSONSchemaValidation" name="jSONSchemaValidation" time="2.525"/>
</testsuite> <!-- com.sai.day6.JSONSchemaValidation -->
