<?xml version="1.0" encoding="UTF-8"?>
<!-- Generated by org.testng.reporters.JUnitReportReporter -->
<testsuite hostname="SSAISRINIVAS" failures="0" tests="1" name="com.sai.day3.LoggingDemo" time="2.411" errors="0" timestamp="2024-07-28T12:58:56 IST" skipped="0">
  <testcase classname="com.sai.day3.LoggingDemo" name="loggingInfoTest" time="2.411"/>
</testsuite> <!-- com.sai.day3.LoggingDemo -->
