<?xml version="1.0" encoding="UTF-8"?>
<!-- Generated by org.testng.reporters.JUnitReportReporter -->
<testsuite hostname="SSAISRINIVAS" failures="0" tests="2" name="com.sai.day4.ParsingJsonResponseData" time="2.938" errors="0" timestamp="2024-07-28T16:32:20 IST" skipped="0">
  <testcase classname="com.sai.day4.ParsingJsonResponseData" name="jsonResponseApproach3Test" time="0.042"/>
  <testcase classname="com.sai.day4.ParsingJsonResponseData" name="jsonResponseApproach2Test" time="2.896"/>
</testsuite> <!-- com.sai.day4.ParsingJsonResponseData -->
